{"meta": {"format": 3, "version": "7.12.0", "timestamp": "2025-11-19T13:50:40.955600", "branch_coverage": false, "show_contexts": false}, "files": {"mpremote/__init__.py": {"executed_lines": [1, 2, 4, 5, 6, 8], "summary": {"covered_lines": 6, "num_statements": 8, "percent_covered": 75.0, "percent_covered_display": "75", "missing_lines": 2, "excluded_lines": 0, "percent_statements_covered": 75.0, "percent_statements_covered_display": "75"}, "missing_lines": [9, 12], "excluded_lines": [], "functions": {"": {"executed_lines": [1, 2, 4, 5, 6, 8], "summary": {"covered_lines": 6, "num_statements": 8, "percent_covered": 75.0, "percent_covered_display": "75", "missing_lines": 2, "excluded_lines": 0, "percent_statements_covered": 75.0, "percent_statements_covered_display": "75"}, "missing_lines": [9, 12], "excluded_lines": []}}, "classes": {"": {"executed_lines": [1, 2, 4, 5, 6, 8], "summary": {"covered_lines": 6, "num_statements": 8, "percent_covered": 75.0, "percent_covered_display": "75", "missing_lines": 2, "excluded_lines": 0, "percent_statements_covered": 75.0, "percent_statements_covered_display": "75"}, "missing_lines": [9, 12], "excluded_lines": []}}}, "mpremote/__main__.py": {"executed_lines": [], "summary": {"covered_lines": 0, "num_statements": 3, "percent_covered": 0.0, "percent_covered_display": "0", "missing_lines": 3, "excluded_lines": 0, "percent_statements_covered": 0.0, "percent_statements_covered_display": "0"}, "missing_lines": [3, 4, 6], "excluded_lines": [], "functions": {"": {"executed_lines": [], "summary": {"covered_lines": 0, "num_statements": 3, "percent_covered": 0.0, "percent_covered_display": "0", "missing_lines": 3, "excluded_lines": 0, "percent_statements_covered": 0.0, "percent_statements_covered_display": "0"}, "missing_lines": [3, 4, 6], "excluded_lines": []}}, "classes": {"": {"executed_lines": [], "summary": {"covered_lines": 0, "num_statements": 3, "percent_covered": 0.0, "percent_covered_display": "0", "missing_lines": 3, "excluded_lines": 0, "percent_statements_covered": 0.0, "percent_statements_covered_display": "0"}, "missing_lines": [3, 4, 6], "excluded_lines": []}}}, "mpremote/commands_async.py": {"executed_lines": [27, 35, 36, 38, 41, 48, 49, 52, 53, 59, 60, 63, 84, 91, 92, 95, 96, 100, 103, 110, 111, 114, 115, 118, 119, 129, 134, 201, 206, 211], "summary": {"covered_lines": 29, "num_statements": 76, "percent_covered": 38.1578947368421, "percent_covered_display": "38", "missing_lines": 47, "excluded_lines": 0, "percent_statements_covered": 38.1578947368421, "percent_statements_covered_display": "38"}, "missing_lines": [55, 56, 64, 68, 69, 70, 73, 74, 75, 79, 80, 81, 98, 124, 130, 131, 143, 144, 146, 149, 150, 151, 156, 160, 162, 163, 164, 165, 168, 170, 171, 172, 173, 174, 175, 176, 177, 178, 179, 182, 183, 189, 196, 197, 203, 208, 213], "excluded_lines": [], "functions": {"do_exec_async": {"executed_lines": [48, 49, 52, 53, 59, 60, 63], "summary": {"covered_lines": 7, "num_statements": 19, "percent_covered": 36.8421052631579, "percent_covered_display": "37", "missing_lines": 12, "excluded_lines": 0, "percent_statements_covered": 36.8421052631579, "percent_statements_covered_display": "37"}, "missing_lines": [55, 56, 64, 68, 69, 70, 73, 74, 75, 79, 80, 81], "excluded_lines": []}, "do_eval_async": {"executed_lines": [91, 92, 95, 96, 100], "summary": {"covered_lines": 5, "num_statements": 6, "percent_covered": 83.33333333333333, "percent_covered_display": "83", "missing_lines": 1, "excluded_lines": 0, "percent_statements_covered": 83.33333333333333, "percent_statements_covered_display": "83"}, "missing_lines": [98], "excluded_lines": []}, "do_run_async": {"executed_lines": [110, 111, 114, 115, 118, 119, 129], "summary": {"covered_lines": 7, "num_statements": 10, "percent_covered": 70.0, "percent_covered_display": "70", "missing_lines": 3, "excluded_lines": 0, "percent_statements_covered": 70.0, "percent_statements_covered_display": "70"}, "missing_lines": [124, 130, 131], "excluded_lines": []}, "do_filesystem_cp_async": {"executed_lines": [], "summary": {"covered_lines": 0, "num_statements": 28, "percent_covered": 0.0, "percent_covered_display": "0", "missing_lines": 28, "excluded_lines": 0, "percent_statements_covered": 0.0, "percent_statements_covered_display": "0"}, "missing_lines": [143, 144, 146, 149, 150, 151, 156, 160, 162, 163, 164, 165, 168, 170, 171, 172, 173, 174, 175, 176, 177, 178, 179, 182, 183, 189, 196, 197], "excluded_lines": []}, "do_exec_sync_wrapper": {"executed_lines": [], "summary": {"covered_lines": 0, "num_statements": 1, "percent_covered": 0.0, "percent_covered_display": "0", "missing_lines": 1, "excluded_lines": 0, "percent_statements_covered": 0.0, "percent_statements_covered_display": "0"}, "missing_lines": [203], "excluded_lines": []}, "do_eval_sync_wrapper": {"executed_lines": [], "summary": {"covered_lines": 0, "num_statements": 1, "percent_covered": 0.0, "percent_covered_display": "0", "missing_lines": 1, "excluded_lines": 0, "percent_statements_covered": 0.0, "percent_statements_covered_display": "0"}, "missing_lines": [208], "excluded_lines": []}, "do_run_sync_wrapper": {"executed_lines": [], "summary": {"covered_lines": 0, "num_statements": 1, "percent_covered": 0.0, "percent_covered_display": "0", "missing_lines": 1, "excluded_lines": 0, "percent_statements_covered": 0.0, "percent_statements_covered_display": "0"}, "missing_lines": [213], "excluded_lines": []}, "": {"executed_lines": [27, 35, 36, 38, 41, 84, 103, 134, 201, 206, 211], "summary": {"covered_lines": 10, "num_statements": 10, "percent_covered": 100.0, "percent_covered_display": "100", "missing_lines": 0, "excluded_lines": 0, "percent_statements_covered": 100.0, "percent_statements_covered_display": "100"}, "missing_lines": [], "excluded_lines": []}}, "classes": {"": {"executed_lines": [27, 35, 36, 38, 41, 48, 49, 52, 53, 59, 60, 63, 84, 91, 92, 95, 96, 100, 103, 110, 111, 114, 115, 118, 119, 129, 134, 201, 206, 211], "summary": {"covered_lines": 29, "num_statements": 76, "percent_covered": 38.1578947368421, "percent_covered_display": "38", "missing_lines": 47, "excluded_lines": 0, "percent_statements_covered": 38.1578947368421, "percent_statements_covered_display": "38"}, "missing_lines": [55, 56, 64, 68, 69, 70, 73, 74, 75, 79, 80, 81, 98, 124, 130, 131, 143, 144, 146, 149, 150, 151, 156, 160, 162, 163, 164, 165, 168, 170, 171, 172, 173, 174, 175, 176, 177, 178, 179, 182, 183, 189, 196, 197, 203, 208, 213], "excluded_lines": []}}}, "mpremote/console_async.py": {"executed_lines": [27, 33, 34, 36, 37, 38, 46, 47, 49, 50, 51, 52, 53, 54, 55, 56, 58, 59, 60, 62, 76, 80, 88, 99, 107, 115, 125, 126, 128, 133, 137, 141, 145, 149, 190, 199, 205, 217, 223, 224], "summary": {"covered_lines": 37, "num_statements": 106, "percent_covered": 34.905660377358494, "percent_covered_display": "35", "missing_lines": 69, "excluded_lines": 0, "percent_statements_covered": 34.905660377358494, "percent_statements_covered_display": "35"}, "missing_lines": [39, 40, 41, 42, 43, 65, 66, 69, 70, 71, 72, 73, 74, 78, 82, 83, 84, 85, 86, 94, 95, 97, 101, 102, 103, 105, 109, 111, 113, 121, 122, 129, 130, 131, 135, 139, 143, 147, 155, 156, 157, 158, 160, 161, 163, 164, 165, 166, 167, 169, 181, 182, 183, 184, 185, 188, 192, 193, 194, 195, 196, 197, 201, 202, 203, 211, 212, 213, 226], "excluded_lines": [], "functions": {"AsyncConsolePosix.__init__": {"executed_lines": [50, 51, 52, 53, 54, 55, 56, 58, 59, 60], "summary": {"covered_lines": 10, "num_statements": 10, "percent_covered": 100.0, "percent_covered_display": "100", "missing_lines": 0, "excluded_lines": 0, "percent_statements_covered": 100.0, "percent_statements_covered_display": "100"}, "missing_lines": [], "excluded_lines": []}, "AsyncConsolePosix.enter": {"executed_lines": [], "summary": {"covered_lines": 0, "num_statements": 8, "percent_covered": 0.0, "percent_covered_display": "0", "missing_lines": 8, "excluded_lines": 0, "percent_statements_covered": 0.0, "percent_statements_covered_display": "0"}, "missing_lines": [65, 66, 69, 70, 71, 72, 73, 74], "excluded_lines": []}, "AsyncConsolePosix.exit": {"executed_lines": [], "summary": {"covered_lines": 0, "num_statements": 1, "percent_covered": 0.0, "percent_covered_display": "0", "missing_lines": 1, "excluded_lines": 0, "percent_statements_covered": 0.0, "percent_statements_covered_display": "0"}, "missing_lines": [78], "excluded_lines": []}, "AsyncConsolePosix.setup_async": {"executed_lines": [], "summary": {"covered_lines": 0, "num_statements": 5, "percent_covered": 0.0, "percent_covered_display": "0", "missing_lines": 5, "excluded_lines": 0, "percent_statements_covered": 0.0, "percent_statements_covered_display": "0"}, "missing_lines": [82, 83, 84, 85, 86], "excluded_lines": []}, "AsyncConsolePosix.readchar_async": {"executed_lines": [], "summary": {"covered_lines": 0, "num_statements": 3, "percent_covered": 0.0, "percent_covered_display": "0", "missing_lines": 3, "excluded_lines": 0, "percent_statements_covered": 0.0, "percent_statements_covered_display": "0"}, "missing_lines": [94, 95, 97], "excluded_lines": []}, "AsyncConsolePosix.readchar": {"executed_lines": [], "summary": {"covered_lines": 0, "num_statements": 4, "percent_covered": 0.0, "percent_covered_display": "0", "missing_lines": 4, "excluded_lines": 0, "percent_statements_covered": 0.0, "percent_statements_covered_display": "0"}, "missing_lines": [101, 102, 103, 105], "excluded_lines": []}, "AsyncConsolePosix.waitchar": {"executed_lines": [], "summary": {"covered_lines": 0, "num_statements": 3, "percent_covered": 0.0, "percent_covered_display": "0", "missing_lines": 3, "excluded_lines": 0, "percent_statements_covered": 0.0, "percent_statements_covered_display": "0"}, "missing_lines": [109, 111, 113], "excluded_lines": []}, "AsyncConsolePosix.write": {"executed_lines": [], "summary": {"covered_lines": 0, "num_statements": 2, "percent_covered": 0.0, "percent_covered_display": "0", "missing_lines": 2, "excluded_lines": 0, "percent_statements_covered": 0.0, "percent_statements_covered_display": "0"}, "missing_lines": [121, 122], "excluded_lines": []}, "AsyncConsoleWindows.__init__": {"executed_lines": [], "summary": {"covered_lines": 0, "num_statements": 3, "percent_covered": 0.0, "percent_covered_display": "0", "missing_lines": 3, "excluded_lines": 0, "percent_statements_covered": 0.0, "percent_statements_covered_display": "0"}, "missing_lines": [129, 130, 131], "excluded_lines": []}, "AsyncConsoleWindows._sigint_handler": {"executed_lines": [], "summary": {"covered_lines": 0, "num_statements": 1, "percent_covered": 0.0, "percent_covered_display": "0", "missing_lines": 1, "excluded_lines": 0, "percent_statements_covered": 0.0, "percent_statements_covered_display": "0"}, "missing_lines": [135], "excluded_lines": []}, "AsyncConsoleWindows.enter": {"executed_lines": [], "summary": {"covered_lines": 0, "num_statements": 1, "percent_covered": 0.0, "percent_covered_display": "0", "missing_lines": 1, "excluded_lines": 0, "percent_statements_covered": 0.0, "percent_statements_covered_display": "0"}, "missing_lines": [139], "excluded_lines": []}, "AsyncConsoleWindows.exit": {"executed_lines": [], "summary": {"covered_lines": 0, "num_statements": 1, "percent_covered": 0.0, "percent_covered_display": "0", "missing_lines": 1, "excluded_lines": 0, "percent_statements_covered": 0.0, "percent_statements_covered_display": "0"}, "missing_lines": [143], "excluded_lines": []}, "AsyncConsoleWindows.inWaiting": {"executed_lines": [], "summary": {"covered_lines": 0, "num_statements": 1, "percent_covered": 0.0, "percent_covered_display": "0", "missing_lines": 1, "excluded_lines": 0, "percent_statements_covered": 0.0, "percent_statements_covered_display": "0"}, "missing_lines": [147], "excluded_lines": []}, "AsyncConsoleWindows.readchar_async": {"executed_lines": [], "summary": {"covered_lines": 0, "num_statements": 18, "percent_covered": 0.0, "percent_covered_display": "0", "missing_lines": 18, "excluded_lines": 0, "percent_statements_covered": 0.0, "percent_statements_covered_display": "0"}, "missing_lines": [155, 156, 157, 158, 160, 161, 163, 164, 165, 166, 167, 169, 181, 182, 183, 184, 185, 188], "excluded_lines": []}, "AsyncConsoleWindows.readchar": {"executed_lines": [], "summary": {"covered_lines": 0, "num_statements": 6, "percent_covered": 0.0, "percent_covered_display": "0", "missing_lines": 6, "excluded_lines": 0, "percent_statements_covered": 0.0, "percent_statements_covered_display": "0"}, "missing_lines": [192, 193, 194, 195, 196, 197], "excluded_lines": []}, "AsyncConsoleWindows.waitchar": {"executed_lines": [], "summary": {"covered_lines": 0, "num_statements": 3, "percent_covered": 0.0, "percent_covered_display": "0", "missing_lines": 3, "excluded_lines": 0, "percent_statements_covered": 0.0, "percent_statements_covered_display": "0"}, "missing_lines": [201, 202, 203], "excluded_lines": []}, "AsyncConsoleWindows.write": {"executed_lines": [], "summary": {"covered_lines": 0, "num_statements": 3, "percent_covered": 0.0, "percent_covered_display": "0", "missing_lines": 3, "excluded_lines": 0, "percent_statements_covered": 0.0, "percent_statements_covered_display": "0"}, "missing_lines": [211, 212, 213], "excluded_lines": []}, "AsyncConsole": {"executed_lines": [223, 224], "summary": {"covered_lines": 2, "num_statements": 3, "percent_covered": 66.66666666666667, "percent_covered_display": "67", "missing_lines": 1, "excluded_lines": 0, "percent_statements_covered": 66.66666666666667, "percent_statements_covered_display": "67"}, "missing_lines": [226], "excluded_lines": []}, "": {"executed_lines": [27, 33, 34, 36, 37, 38, 46, 47, 49, 62, 76, 80, 88, 99, 107, 115, 125, 126, 128, 133, 137, 141, 145, 149, 190, 199, 205, 217], "summary": {"covered_lines": 25, "num_statements": 30, "percent_covered": 83.33333333333333, "percent_covered_display": "83", "missing_lines": 5, "excluded_lines": 0, "percent_statements_covered": 83.33333333333333, "percent_statements_covered_display": "83"}, "missing_lines": [39, 40, 41, 42, 43], "excluded_lines": []}}, "classes": {"AsyncConsolePosix": {"executed_lines": [50, 51, 52, 53, 54, 55, 56, 58, 59, 60], "summary": {"covered_lines": 10, "num_statements": 36, "percent_covered": 27.77777777777778, "percent_covered_display": "28", "missing_lines": 26, "excluded_lines": 0, "percent_statements_covered": 27.77777777777778, "percent_statements_covered_display": "28"}, "missing_lines": [65, 66, 69, 70, 71, 72, 73, 74, 78, 82, 83, 84, 85, 86, 94, 95, 97, 101, 102, 103, 105, 109, 111, 113, 121, 122], "excluded_lines": []}, "AsyncConsoleWindows": {"executed_lines": [], "summary": {"covered_lines": 0, "num_statements": 37, "percent_covered": 0.0, "percent_covered_display": "0", "missing_lines": 37, "excluded_lines": 0, "percent_statements_covered": 0.0, "percent_statements_covered_display": "0"}, "missing_lines": [129, 130, 131, 135, 139, 143, 147, 155, 156, 157, 158, 160, 161, 163, 164, 165, 166, 167, 169, 181, 182, 183, 184, 185, 188, 192, 193, 194, 195, 196, 197, 201, 202, 203, 211, 212, 213], "excluded_lines": []}, "": {"executed_lines": [27, 33, 34, 36, 37, 38, 46, 47, 49, 62, 76, 80, 88, 99, 107, 115, 125, 126, 128, 133, 137, 141, 145, 149, 190, 199, 205, 217, 223, 224], "summary": {"covered_lines": 27, "num_statements": 33, "percent_covered": 81.81818181818181, "percent_covered_display": "82", "missing_lines": 6, "excluded_lines": 0, "percent_statements_covered": 81.81818181818181, "percent_statements_covered_display": "82"}, "missing_lines": [39, 40, 41, 42, 43, 226], "excluded_lines": []}}}, "mpremote/mp_errno.py": {"executed_lines": [1, 2, 5, 54, 55], "summary": {"covered_lines": 5, "num_statements": 5, "percent_covered": 100.0, "percent_covered_display": "100", "missing_lines": 0, "excluded_lines": 0, "percent_statements_covered": 100.0, "percent_statements_covered_display": "100"}, "missing_lines": [], "excluded_lines": [], "functions": {"": {"executed_lines": [1, 2, 5, 54, 55], "summary": {"covered_lines": 5, "num_statements": 5, "percent_covered": 100.0, "percent_covered_display": "100", "missing_lines": 0, "excluded_lines": 0, "percent_statements_covered": 100.0, "percent_statements_covered_display": "100"}, "missing_lines": [], "excluded_lines": []}}, "classes": {"": {"executed_lines": [1, 2, 5, 54, 55], "summary": {"covered_lines": 5, "num_statements": 5, "percent_covered": 100.0, "percent_covered_display": "100", "missing_lines": 0, "excluded_lines": 0, "percent_statements_covered": 100.0, "percent_statements_covered_display": "100"}, "missing_lines": [], "excluded_lines": []}}}, "mpremote/protocol.py": {"executed_lines": [27, 35, 36, 44, 45, 46, 47, 48, 51, 52, 53, 56, 57, 58, 60, 61, 72, 74, 75, 84, 86, 87, 98, 100, 101, 102, 104, 105, 119, 121, 122, 123, 125, 126, 128, 130, 131, 140, 142, 143, 144, 145], "summary": {"covered_lines": 40, "num_statements": 40, "percent_covered": 100.0, "percent_covered_display": "100", "missing_lines": 0, "excluded_lines": 0, "percent_statements_covered": 100.0, "percent_statements_covered_display": "100"}, "missing_lines": [], "excluded_lines": [], "functions": {"RawREPLProtocol.is_raw_paste_supported": {"executed_lines": [72], "summary": {"covered_lines": 1, "num_statements": 1, "percent_covered": 100.0, "percent_covered_display": "100", "missing_lines": 0, "excluded_lines": 0, "percent_statements_covered": 100.0, "percent_statements_covered_display": "100"}, "missing_lines": [], "excluded_lines": []}, "RawREPLProtocol.encode_command_standard": {"executed_lines": [84], "summary": {"covered_lines": 1, "num_statements": 1, "percent_covered": 100.0, "percent_covered_display": "100", "missing_lines": 0, "excluded_lines": 0, "percent_statements_covered": 100.0, "percent_statements_covered_display": "100"}, "missing_lines": [], "excluded_lines": []}, "RawREPLProtocol.encode_command_raw_paste": {"executed_lines": [98, 100, 101, 102], "summary": {"covered_lines": 4, "num_statements": 4, "percent_covered": 100.0, "percent_covered_display": "100", "missing_lines": 0, "excluded_lines": 0, "percent_statements_covered": 100.0, "percent_statements_covered_display": "100"}, "missing_lines": [], "excluded_lines": []}, "RawREPLProtocol.decode_response": {"executed_lines": [119, 121, 122, 123, 125, 126, 128], "summary": {"covered_lines": 7, "num_statements": 7, "percent_covered": 100.0, "percent_covered_display": "100", "missing_lines": 0, "excluded_lines": 0, "percent_statements_covered": 100.0, "percent_statements_covered_display": "100"}, "missing_lines": [], "excluded_lines": []}, "RawREPLProtocol.check_error": {"executed_lines": [140, 142, 143, 144, 145], "summary": {"covered_lines": 5, "num_statements": 5, "percent_covered": 100.0, "percent_covered_display": "100", "missing_lines": 0, "excluded_lines": 0, "percent_statements_covered": 100.0, "percent_statements_covered_display": "100"}, "missing_lines": [], "excluded_lines": []}, "": {"executed_lines": [27, 35, 36, 44, 45, 46, 47, 48, 51, 52, 53, 56, 57, 58, 60, 61, 74, 75, 86, 87, 104, 105, 130, 131], "summary": {"covered_lines": 22, "num_statements": 22, "percent_covered": 100.0, "percent_covered_display": "100", "missing_lines": 0, "excluded_lines": 0, "percent_statements_covered": 100.0, "percent_statements_covered_display": "100"}, "missing_lines": [], "excluded_lines": []}}, "classes": {"RawREPLProtocol": {"executed_lines": [72, 84, 98, 100, 101, 102, 119, 121, 122, 123, 125, 126, 128, 140, 142, 143, 144, 145], "summary": {"covered_lines": 18, "num_statements": 18, "percent_covered": 100.0, "percent_covered_display": "100", "missing_lines": 0, "excluded_lines": 0, "percent_statements_covered": 100.0, "percent_statements_covered_display": "100"}, "missing_lines": [], "excluded_lines": []}, "": {"executed_lines": [27, 35, 36, 44, 45, 46, 47, 48, 51, 52, 53, 56, 57, 58, 60, 61, 74, 75, 86, 87, 104, 105, 130, 131], "summary": {"covered_lines": 22, "num_statements": 22, "percent_covered": 100.0, "percent_covered_display": "100", "missing_lines": 0, "excluded_lines": 0, "percent_statements_covered": 100.0, "percent_statements_covered_display": "100"}, "missing_lines": [], "excluded_lines": []}}}, "mpremote/repl_async.py": {"executed_lines": [27, 33, 34, 36, 37, 40, 60, 62, 63, 64, 66, 67, 68, 77, 78, 79, 82, 83, 86, 87, 91, 92, 94, 95, 96, 103, 104, 113, 117, 118, 119, 121, 123, 124, 126, 129, 130, 131, 132, 133, 142, 143, 144, 165, 169, 174, 175, 180, 186, 187, 188, 189, 195, 196, 197, 198, 199, 200, 203, 210, 268, 290], "summary": {"covered_lines": 61, "num_statements": 150, "percent_covered": 40.666666666666664, "percent_covered_display": "41", "missing_lines": 89, "excluded_lines": 0, "percent_statements_covered": 40.666666666666664, "percent_statements_covered_display": "41"}, "missing_lines": [70, 71, 73, 74, 76, 81, 89, 98, 99, 100, 101, 106, 109, 110, 112, 114, 115, 116, 135, 136, 137, 138, 140, 146, 149, 150, 151, 152, 153, 154, 155, 156, 157, 159, 161, 162, 164, 166, 167, 168, 170, 171, 190, 191, 192, 205, 206, 207, 221, 222, 224, 225, 226, 227, 229, 230, 231, 232, 233, 234, 235, 236, 237, 238, 239, 240, 242, 243, 246, 247, 248, 249, 250, 251, 252, 254, 255, 263, 264, 265, 277, 278, 280, 281, 283, 284, 285, 286, 300], "excluded_lines": [], "functions": {"do_repl_main_loop_async": {"executed_lines": [60, 121, 174, 175, 180, 186, 187, 188, 189, 195, 196, 197, 198, 199, 200, 203], "summary": {"covered_lines": 16, "num_statements": 22, "percent_covered": 72.72727272727273, "percent_covered_display": "73", "missing_lines": 6, "excluded_lines": 0, "percent_statements_covered": 72.72727272727273, "percent_statements_covered_display": "73"}, "missing_lines": [190, 191, 192, 205, 206, 207], "excluded_lines": []}, "do_repl_main_loop_async.handle_keyboard_input": {"executed_lines": [62, 63, 64, 66, 67, 68, 77, 78, 79, 82, 83, 86, 87, 91, 92, 94, 95, 96, 103, 104, 113, 117, 118, 119], "summary": {"covered_lines": 24, "num_statements": 42, "percent_covered": 57.142857142857146, "percent_covered_display": "57", "missing_lines": 18, "excluded_lines": 0, "percent_statements_covered": 57.142857142857146, "percent_statements_covered_display": "57"}, "missing_lines": [70, 71, 73, 74, 76, 81, 89, 98, 99, 100, 101, 106, 109, 110, 112, 114, 115, 116], "excluded_lines": []}, "do_repl_main_loop_async.handle_device_output": {"executed_lines": [123, 124, 126, 129, 130, 131, 132, 133, 142, 143, 144, 165, 169], "summary": {"covered_lines": 13, "num_statements": 37, "percent_covered": 35.13513513513514, "percent_covered_display": "35", "missing_lines": 24, "excluded_lines": 0, "percent_statements_covered": 35.13513513513514, "percent_statements_covered_display": "35"}, "missing_lines": [135, 136, 137, 138, 140, 146, 149, 150, 151, 152, 153, 154, 155, 156, 157, 159, 161, 162, 164, 166, 167, 168, 170, 171], "excluded_lines": []}, "do_repl_async": {"executed_lines": [], "summary": {"covered_lines": 0, "num_statements": 29, "percent_covered": 0.0, "percent_covered_display": "0", "missing_lines": 29, "excluded_lines": 0, "percent_statements_covered": 0.0, "percent_statements_covered_display": "0"}, "missing_lines": [221, 222, 224, 225, 226, 227, 229, 230, 231, 232, 233, 234, 235, 236, 237, 238, 239, 240, 242, 243, 246, 247, 248, 252, 254, 255, 263, 264, 265], "excluded_lines": []}, "do_repl_async.console_write_with_capture": {"executed_lines": [], "summary": {"covered_lines": 0, "num_statements": 3, "percent_covered": 0.0, "percent_covered_display": "0", "missing_lines": 3, "excluded_lines": 0, "percent_statements_covered": 0.0, "percent_statements_covered_display": "0"}, "missing_lines": [249, 250, 251], "excluded_lines": []}, "_is_disconnect_exception": {"executed_lines": [], "summary": {"covered_lines": 0, "num_statements": 8, "percent_covered": 0.0, "percent_covered_display": "0", "missing_lines": 8, "excluded_lines": 0, "percent_statements_covered": 0.0, "percent_statements_covered_display": "0"}, "missing_lines": [277, 278, 280, 281, 283, 284, 285, 286], "excluded_lines": []}, "do_repl_async_wrapper": {"executed_lines": [], "summary": {"covered_lines": 0, "num_statements": 1, "percent_covered": 0.0, "percent_covered_display": "0", "missing_lines": 1, "excluded_lines": 0, "percent_statements_covered": 0.0, "percent_statements_covered_display": "0"}, "missing_lines": [300], "excluded_lines": []}, "": {"executed_lines": [27, 33, 34, 36, 37, 40, 210, 268, 290], "summary": {"covered_lines": 8, "num_statements": 8, "percent_covered": 100.0, "percent_covered_display": "100", "missing_lines": 0, "excluded_lines": 0, "percent_statements_covered": 100.0, "percent_statements_covered_display": "100"}, "missing_lines": [], "excluded_lines": []}}, "classes": {"": {"executed_lines": [27, 33, 34, 36, 37, 40, 60, 62, 63, 64, 66, 67, 68, 77, 78, 79, 82, 83, 86, 87, 91, 92, 94, 95, 96, 103, 104, 113, 117, 118, 119, 121, 123, 124, 126, 129, 130, 131, 132, 133, 142, 143, 144, 165, 169, 174, 175, 180, 186, 187, 188, 189, 195, 196, 197, 198, 199, 200, 203, 210, 268, 290], "summary": {"covered_lines": 61, "num_statements": 150, "percent_covered": 40.666666666666664, "percent_covered_display": "41", "missing_lines": 89, "excluded_lines": 0, "percent_statements_covered": 40.666666666666664, "percent_statements_covered_display": "41"}, "missing_lines": [70, 71, 73, 74, 76, 81, 89, 98, 99, 100, 101, 106, 109, 110, 112, 114, 115, 116, 135, 136, 137, 138, 140, 146, 149, 150, 151, 152, 153, 154, 155, 156, 157, 159, 161, 162, 164, 166, 167, 168, 170, 171, 190, 191, 192, 205, 206, 207, 221, 222, 224, 225, 226, 227, 229, 230, 231, 232, 233, 234, 235, 236, 237, 238, 239, 240, 242, 243, 246, 247, 248, 249, 250, 251, 252, 254, 255, 263, 264, 265, 277, 278, 280, 281, 283, 284, 285, 286, 300], "excluded_lines": []}}}, "mpremote/transport_async.py": {"executed_lines": [27, 28, 31, 32, 39, 50, 61, 81, 90, 92, 94, 102, 114, 132, 144, 156, 161, 191, 203, 223], "summary": {"covered_lines": 19, "num_statements": 45, "percent_covered": 42.22222222222222, "percent_covered_display": "42", "missing_lines": 26, "excluded_lines": 0, "percent_statements_covered": 42.22222222222222, "percent_statements_covered_display": "42"}, "missing_lines": [48, 59, 79, 88, 100, 112, 130, 142, 154, 158, 170, 172, 173, 175, 178, 179, 180, 181, 182, 183, 184, 186, 200, 201, 221, 240], "excluded_lines": [], "functions": {"AsyncTransport.read_async": {"executed_lines": [], "summary": {"covered_lines": 0, "num_statements": 1, "percent_covered": 0.0, "percent_covered_display": "0", "missing_lines": 1, "excluded_lines": 0, "percent_statements_covered": 0.0, "percent_statements_covered_display": "0"}, "missing_lines": [48], "excluded_lines": []}, "AsyncTransport.write_async": {"executed_lines": [], "summary": {"covered_lines": 0, "num_statements": 1, "percent_covered": 0.0, "percent_covered_display": "0", "missing_lines": 1, "excluded_lines": 0, "percent_statements_covered": 0.0, "percent_statements_covered_display": "0"}, "missing_lines": [59], "excluded_lines": []}, "AsyncTransport.read_until_async": {"executed_lines": [], "summary": {"covered_lines": 0, "num_statements": 1, "percent_covered": 0.0, "percent_covered_display": "0", "missing_lines": 1, "excluded_lines": 0, "percent_statements_covered": 0.0, "percent_statements_covered_display": "0"}, "missing_lines": [79], "excluded_lines": []}, "AsyncTransport.enter_raw_repl_async": {"executed_lines": [], "summary": {"covered_lines": 0, "num_statements": 1, "percent_covered": 0.0, "percent_covered_display": "0", "missing_lines": 1, "excluded_lines": 0, "percent_statements_covered": 0.0, "percent_statements_covered_display": "0"}, "missing_lines": [88], "excluded_lines": []}, "AsyncTransport.exit_raw_repl_async": {"executed_lines": [92], "summary": {"covered_lines": 1, "num_statements": 1, "percent_covered": 100.0, "percent_covered_display": "100", "missing_lines": 0, "excluded_lines": 0, "percent_statements_covered": 100.0, "percent_statements_covered_display": "100"}, "missing_lines": [], "excluded_lines": []}, "AsyncTransport.exec_raw_no_follow_async": {"executed_lines": [], "summary": {"covered_lines": 0, "num_statements": 1, "percent_covered": 0.0, "percent_covered_display": "0", "missing_lines": 1, "excluded_lines": 0, "percent_statements_covered": 0.0, "percent_statements_covered_display": "0"}, "missing_lines": [100], "excluded_lines": []}, "AsyncTransport.follow_async": {"executed_lines": [], "summary": {"covered_lines": 0, "num_statements": 1, "percent_covered": 0.0, "percent_covered_display": "0", "missing_lines": 1, "excluded_lines": 0, "percent_statements_covered": 0.0, "percent_statements_covered_display": "0"}, "missing_lines": [112], "excluded_lines": []}, "AsyncTransport.exec_raw_async": {"executed_lines": [], "summary": {"covered_lines": 0, "num_statements": 1, "percent_covered": 0.0, "percent_covered_display": "0", "missing_lines": 1, "excluded_lines": 0, "percent_statements_covered": 0.0, "percent_statements_covered_display": "0"}, "missing_lines": [130], "excluded_lines": []}, "AsyncTransport.exec_async": {"executed_lines": [], "summary": {"covered_lines": 0, "num_statements": 1, "percent_covered": 0.0, "percent_covered_display": "0", "missing_lines": 1, "excluded_lines": 0, "percent_statements_covered": 0.0, "percent_statements_covered_display": "0"}, "missing_lines": [142], "excluded_lines": []}, "AsyncTransport.eval_async": {"executed_lines": [], "summary": {"covered_lines": 0, "num_statements": 1, "percent_covered": 0.0, "percent_covered_display": "0", "missing_lines": 1, "excluded_lines": 0, "percent_statements_covered": 0.0, "percent_statements_covered_display": "0"}, "missing_lines": [154], "excluded_lines": []}, "AsyncTransport.close_async": {"executed_lines": [], "summary": {"covered_lines": 0, "num_statements": 1, "percent_covered": 0.0, "percent_covered_display": "0", "missing_lines": 1, "excluded_lines": 0, "percent_statements_covered": 0.0, "percent_statements_covered_display": "0"}, "missing_lines": [158], "excluded_lines": []}, "AsyncTransport.fs_listdir_async": {"executed_lines": [], "summary": {"covered_lines": 0, "num_statements": 11, "percent_covered": 0.0, "percent_covered_display": "0", "missing_lines": 11, "excluded_lines": 0, "percent_statements_covered": 0.0, "percent_statements_covered_display": "0"}, "missing_lines": [170, 172, 175, 178, 179, 180, 181, 182, 183, 184, 186], "excluded_lines": []}, "AsyncTransport.fs_listdir_async.repr_consumer": {"executed_lines": [], "summary": {"covered_lines": 0, "num_statements": 1, "percent_covered": 0.0, "percent_covered_display": "0", "missing_lines": 1, "excluded_lines": 0, "percent_statements_covered": 0.0, "percent_statements_covered_display": "0"}, "missing_lines": [173], "excluded_lines": []}, "AsyncTransport.fs_stat_async": {"executed_lines": [], "summary": {"covered_lines": 0, "num_statements": 2, "percent_covered": 0.0, "percent_covered_display": "0", "missing_lines": 2, "excluded_lines": 0, "percent_statements_covered": 0.0, "percent_statements_covered_display": "0"}, "missing_lines": [200, 201], "excluded_lines": []}, "AsyncTransport.fs_readfile_async": {"executed_lines": [], "summary": {"covered_lines": 0, "num_statements": 1, "percent_covered": 0.0, "percent_covered_display": "0", "missing_lines": 1, "excluded_lines": 0, "percent_statements_covered": 0.0, "percent_statements_covered_display": "0"}, "missing_lines": [221], "excluded_lines": []}, "AsyncTransport.fs_writefile_async": {"executed_lines": [], "summary": {"covered_lines": 0, "num_statements": 1, "percent_covered": 0.0, "percent_covered_display": "0", "missing_lines": 1, "excluded_lines": 0, "percent_statements_covered": 0.0, "percent_statements_covered_display": "0"}, "missing_lines": [240], "excluded_lines": []}, "": {"executed_lines": [27, 28, 31, 32, 39, 50, 61, 81, 90, 94, 102, 114, 132, 144, 156, 161, 191, 203, 223], "summary": {"covered_lines": 18, "num_statements": 18, "percent_covered": 100.0, "percent_covered_display": "100", "missing_lines": 0, "excluded_lines": 0, "percent_statements_covered": 100.0, "percent_statements_covered_display": "100"}, "missing_lines": [], "excluded_lines": []}}, "classes": {"AsyncTransport": {"executed_lines": [92], "summary": {"covered_lines": 1, "num_statements": 27, "percent_covered": 3.7037037037037037, "percent_covered_display": "4", "missing_lines": 26, "excluded_lines": 0, "percent_statements_covered": 3.7037037037037037, "percent_statements_covered_display": "4"}, "missing_lines": [48, 59, 79, 88, 100, 112, 130, 142, 154, 158, 170, 172, 173, 175, 178, 179, 180, 181, 182, 183, 184, 186, 200, 201, 221, 240], "excluded_lines": []}, "": {"executed_lines": [27, 28, 31, 32, 39, 50, 61, 81, 90, 94, 102, 114, 132, 144, 156, 161, 191, 203, 223], "summary": {"covered_lines": 18, "num_statements": 18, "percent_covered": 100.0, "percent_covered_display": "100", "missing_lines": 0, "excluded_lines": 0, "percent_statements_covered": 100.0, "percent_statements_covered_display": "100"}, "missing_lines": [], "excluded_lines": []}}}, "mpremote/transport_serial_async.py": {"executed_lines": [27, 33, 34, 35, 36, 38, 39, 40, 41, 43, 44, 45, 48, 49, 56, 58, 69, 70, 87, 126, 132, 143, 161, 180, 263, 310, 315, 339, 380, 426, 445, 466], "summary": {"covered_lines": 30, "num_statements": 228, "percent_covered": 13.157894736842104, "percent_covered_display": "13", "missing_lines": 198, "excluded_lines": 0, "percent_statements_covered": 13.157894736842104, "percent_statements_covered_display": "13"}, "missing_lines": [73, 74, 75, 76, 77, 78, 79, 80, 83, 84, 85, 89, 92, 97, 98, 100, 101, 102, 104, 108, 109, 110, 111, 112, 113, 114, 115, 116, 117, 119, 120, 121, 123, 124, 128, 129, 130, 134, 135, 136, 138, 139, 141, 152, 153, 155, 156, 157, 158, 159, 170, 171, 173, 174, 175, 176, 177, 178, 200, 202, 203, 204, 206, 207, 208, 209, 212, 213, 214, 217, 218, 220, 221, 222, 223, 224, 225, 226, 228, 229, 230, 231, 234, 235, 236, 237, 238, 239, 240, 242, 243, 244, 245, 248, 249, 250, 251, 252, 254, 255, 257, 258, 259, 261, 270, 273, 274, 276, 277, 278, 279, 280, 282, 284, 285, 288, 289, 290, 292, 294, 297, 298, 299, 301, 304, 305, 306, 308, 312, 313, 326, 327, 328, 329, 332, 333, 334, 335, 337, 346, 347, 348, 351, 352, 354, 355, 356, 358, 359, 361, 362, 364, 367, 368, 369, 370, 373, 376, 377, 378, 386, 387, 389, 392, 393, 394, 396, 398, 399, 400, 402, 403, 405, 408, 409, 410, 411, 413, 417, 418, 419, 422, 423, 424, 442, 443, 455, 457, 458, 459, 460, 462, 463, 464, 476, 477, 478, 479], "excluded_lines": [], "functions": {"AsyncSerialTransport.__init__": {"executed_lines": [69, 70], "summary": {"covered_lines": 2, "num_statements": 13, "percent_covered": 15.384615384615385, "percent_covered_display": "15", "missing_lines": 11, "excluded_lines": 0, "percent_statements_covered": 15.384615384615385, "percent_statements_covered_display": "15"}, "missing_lines": [73, 74, 75, 76, 77, 78, 79, 80, 83, 84, 85], "excluded_lines": []}, "AsyncSerialTransport.connect": {"executed_lines": [], "summary": {"covered_lines": 0, "num_statements": 23, "percent_covered": 0.0, "percent_covered_display": "0", "missing_lines": 23, "excluded_lines": 0, "percent_statements_covered": 0.0, "percent_statements_covered_display": "0"}, "missing_lines": [89, 92, 97, 98, 100, 101, 102, 104, 108, 109, 110, 111, 112, 113, 114, 115, 116, 117, 119, 120, 121, 123, 124], "excluded_lines": []}, "AsyncSerialTransport.close_async": {"executed_lines": [], "summary": {"covered_lines": 0, "num_statements": 3, "percent_covered": 0.0, "percent_covered_display": "0", "missing_lines": 3, "excluded_lines": 0, "percent_statements_covered": 0.0, "percent_statements_covered_display": "0"}, "missing_lines": [128, 129, 130], "excluded_lines": []}, "AsyncSerialTransport.close": {"executed_lines": [], "summary": {"covered_lines": 0, "num_statements": 6, "percent_covered": 0.0, "percent_covered_display": "0", "missing_lines": 6, "excluded_lines": 0, "percent_statements_covered": 0.0, "percent_statements_covered_display": "0"}, "missing_lines": [134, 135, 136, 138, 139, 141], "excluded_lines": []}, "AsyncSerialTransport.read_async": {"executed_lines": [], "summary": {"covered_lines": 0, "num_statements": 7, "percent_covered": 0.0, "percent_covered_display": "0", "missing_lines": 7, "excluded_lines": 0, "percent_statements_covered": 0.0, "percent_statements_covered_display": "0"}, "missing_lines": [152, 153, 155, 156, 157, 158, 159], "excluded_lines": []}, "AsyncSerialTransport.write_async": {"executed_lines": [], "summary": {"covered_lines": 0, "num_statements": 8, "percent_covered": 0.0, "percent_covered_display": "0", "missing_lines": 8, "excluded_lines": 0, "percent_statements_covered": 0.0, "percent_statements_covered_display": "0"}, "missing_lines": [170, 171, 173, 174, 175, 176, 177, 178], "excluded_lines": []}, "AsyncSerialTransport.read_until_async": {"executed_lines": [], "summary": {"covered_lines": 0, "num_statements": 46, "percent_covered": 0.0, "percent_covered_display": "0", "missing_lines": 46, "excluded_lines": 0, "percent_statements_covered": 0.0, "percent_statements_covered_display": "0"}, "missing_lines": [200, 202, 203, 204, 206, 207, 208, 209, 212, 213, 214, 217, 218, 220, 221, 222, 223, 224, 225, 226, 228, 229, 230, 231, 234, 235, 236, 237, 238, 239, 240, 242, 243, 244, 245, 248, 249, 250, 251, 252, 254, 255, 257, 258, 259, 261], "excluded_lines": []}, "AsyncSerialTransport.enter_raw_repl_async": {"executed_lines": [], "summary": {"covered_lines": 0, "num_statements": 24, "percent_covered": 0.0, "percent_covered_display": "0", "missing_lines": 24, "excluded_lines": 0, "percent_statements_covered": 0.0, "percent_statements_covered_display": "0"}, "missing_lines": [270, 273, 274, 276, 277, 278, 279, 280, 282, 284, 285, 288, 289, 290, 292, 294, 297, 298, 299, 301, 304, 305, 306, 308], "excluded_lines": []}, "AsyncSerialTransport.exit_raw_repl_async": {"executed_lines": [], "summary": {"covered_lines": 0, "num_statements": 2, "percent_covered": 0.0, "percent_covered_display": "0", "missing_lines": 2, "excluded_lines": 0, "percent_statements_covered": 0.0, "percent_statements_covered_display": "0"}, "missing_lines": [312, 313], "excluded_lines": []}, "AsyncSerialTransport.follow_async": {"executed_lines": [], "summary": {"covered_lines": 0, "num_statements": 9, "percent_covered": 0.0, "percent_covered_display": "0", "missing_lines": 9, "excluded_lines": 0, "percent_statements_covered": 0.0, "percent_statements_covered_display": "0"}, "missing_lines": [326, 327, 328, 329, 332, 333, 334, 335, 337], "excluded_lines": []}, "AsyncSerialTransport.raw_paste_write_async": {"executed_lines": [], "summary": {"covered_lines": 0, "num_statements": 21, "percent_covered": 0.0, "percent_covered_display": "0", "missing_lines": 21, "excluded_lines": 0, "percent_statements_covered": 0.0, "percent_statements_covered_display": "0"}, "missing_lines": [346, 347, 348, 351, 352, 354, 355, 356, 358, 359, 361, 362, 364, 367, 368, 369, 370, 373, 376, 377, 378], "excluded_lines": []}, "AsyncSerialTransport.exec_raw_no_follow_async": {"executed_lines": [], "summary": {"covered_lines": 0, "num_statements": 24, "percent_covered": 0.0, "percent_covered_display": "0", "missing_lines": 24, "excluded_lines": 0, "percent_statements_covered": 0.0, "percent_statements_covered_display": "0"}, "missing_lines": [386, 387, 389, 392, 393, 394, 396, 398, 399, 400, 402, 403, 405, 408, 409, 410, 411, 413, 417, 418, 419, 422, 423, 424], "excluded_lines": []}, "AsyncSerialTransport.exec_raw_async": {"executed_lines": [], "summary": {"covered_lines": 0, "num_statements": 2, "percent_covered": 0.0, "percent_covered_display": "0", "missing_lines": 2, "excluded_lines": 0, "percent_statements_covered": 0.0, "percent_statements_covered_display": "0"}, "missing_lines": [442, 443], "excluded_lines": []}, "AsyncSerialTransport.eval_async": {"executed_lines": [], "summary": {"covered_lines": 0, "num_statements": 8, "percent_covered": 0.0, "percent_covered_display": "0", "missing_lines": 8, "excluded_lines": 0, "percent_statements_covered": 0.0, "percent_statements_covered_display": "0"}, "missing_lines": [455, 457, 458, 459, 460, 462, 463, 464], "excluded_lines": []}, "AsyncSerialTransport.exec_async": {"executed_lines": [], "summary": {"covered_lines": 0, "num_statements": 4, "percent_covered": 0.0, "percent_covered_display": "0", "missing_lines": 4, "excluded_lines": 0, "percent_statements_covered": 0.0, "percent_statements_covered_display": "0"}, "missing_lines": [476, 477, 478, 479], "excluded_lines": []}, "": {"executed_lines": [27, 33, 34, 35, 36, 38, 39, 40, 41, 43, 44, 45, 48, 49, 56, 58, 87, 126, 132, 143, 161, 180, 263, 310, 315, 339, 380, 426, 445, 466], "summary": {"covered_lines": 28, "num_statements": 28, "percent_covered": 100.0, "percent_covered_display": "100", "missing_lines": 0, "excluded_lines": 0, "percent_statements_covered": 100.0, "percent_statements_covered_display": "100"}, "missing_lines": [], "excluded_lines": []}}, "classes": {"AsyncSerialTransport": {"executed_lines": [69, 70], "summary": {"covered_lines": 2, "num_statements": 200, "percent_covered": 1.0, "percent_covered_display": "1", "missing_lines": 198, "excluded_lines": 0, "percent_statements_covered": 1.0, "percent_statements_covered_display": "1"}, "missing_lines": [73, 74, 75, 76, 77, 78, 79, 80, 83, 84, 85, 89, 92, 97, 98, 100, 101, 102, 104, 108, 109, 110, 111, 112, 113, 114, 115, 116, 117, 119, 120, 121, 123, 124, 128, 129, 130, 134, 135, 136, 138, 139, 141, 152, 153, 155, 156, 157, 158, 159, 170, 171, 173, 174, 175, 176, 177, 178, 200, 202, 203, 204, 206, 207, 208, 209, 212, 213, 214, 217, 218, 220, 221, 222, 223, 224, 225, 226, 228, 229, 230, 231, 234, 235, 236, 237, 238, 239, 240, 242, 243, 244, 245, 248, 249, 250, 251, 252, 254, 255, 257, 258, 259, 261, 270, 273, 274, 276, 277, 278, 279, 280, 282, 284, 285, 288, 289, 290, 292, 294, 297, 298, 299, 301, 304, 305, 306, 308, 312, 313, 326, 327, 328, 329, 332, 333, 334, 335, 337, 346, 347, 348, 351, 352, 354, 355, 356, 358, 359, 361, 362, 364, 367, 368, 369, 370, 373, 376, 377, 378, 386, 387, 389, 392, 393, 394, 396, 398, 399, 400, 402, 403, 405, 408, 409, 410, 411, 413, 417, 418, 419, 422, 423, 424, 442, 443, 455, 457, 458, 459, 460, 462, 463, 464, 476, 477, 478, 479], "excluded_lines": []}, "": {"executed_lines": [27, 33, 34, 35, 36, 38, 39, 40, 41, 43, 44, 45, 48, 49, 56, 58, 87, 126, 132, 143, 161, 180, 263, 310, 315, 339, 380, 426, 445, 466], "summary": {"covered_lines": 28, "num_statements": 28, "percent_covered": 100.0, "percent_covered_display": "100", "missing_lines": 0, "excluded_lines": 0, "percent_statements_covered": 100.0, "percent_statements_covered_display": "100"}, "missing_lines": [], "excluded_lines": []}}}}, "totals": {"covered_lines": 227, "num_statements": 661, "percent_covered": 34.341906202723145, "percent_covered_display": "34", "missing_lines": 434, "excluded_lines": 0, "percent_statements_covered": 34.341906202723145, "percent_statements_covered_display": "34"}}